<?xml version="1.0" encoding="UTF-8"?>
<!-- Generated by org.testng.reporters.JUnitXMLReporter -->
<testsuite ignored="3" hostname="DESKTOP-EF32IAO" failures="0" tests="1" name="Default test" time="46.991" errors="0" timestamp="2023-04-07T07:59:28 NPT">
  <testcase classname="com.lambdatest.testcases.RegistrationPageTest" name="verifyAllRegisterionWebElementArePresent" time="0.481"/>
  <testcase classname="com.lambdatest.testcases.RegistrationPageTest" name="verifyTitleOfRegistrationPage" time="0.0">
    <ignored/>
  </testcase> <!-- verifyTitleOfRegistrationPage -->
  <testcase classname="com.lambdatest.testcases.RegistrationPageTest" name="verifyAllLableTextValueDisplayCorrectly" time="0.0">
    <ignored/>
  </testcase> <!-- verifyAllLableTextValueDisplayCorrectly -->
  <testcase classname="com.lambdatest.testcases.RegistrationPageTest" name="verifyRegisterUser" time="0.0">
    <ignored/>
  </testcase> <!-- verifyRegisterUser -->
</testsuite> <!-- Default test -->
