<?xml version="1.0" encoding="UTF-8"?>
<testng-results ignored="3" total="4" passed="1" failed="0" skipped="0">
  <reporter-output>
  </reporter-output>
  <suite started-at="2023-04-07T07:58:41 NPT" name="Default suite" finished-at="2023-04-07T07:59:28 NPT" duration-ms="46991">
    <groups>
    </groups>
    <test started-at="2023-04-07T07:58:41 NPT" name="Default test" finished-at="2023-04-07T07:59:28 NPT" duration-ms="46991">
      <class name="com.lambdatest.testcases.RegistrationPageTest">
        <test-method is-config="true" signature="setUp()[pri:0, instance:com.lambdatest.testcases.RegistrationPageTest@4d5650ae]" started-at="2023-04-07T07:58:42 NPT" name="setUp" finished-at="2023-04-07T07:59:27 NPT" duration-ms="45219" status="PASS">
          <reporter-output>
          </reporter-output>
        </test-method> <!-- setUp -->
        <test-method signature="verifyAllRegisterionWebElementArePresent()[pri:2, instance:com.lambdatest.testcases.RegistrationPageTest@4d5650ae]" started-at="2023-04-07T07:59:27 NPT" name="verifyAllRegisterionWebElementArePresent" finished-at="2023-04-07T07:59:28 NPT" duration-ms="481" status="PASS">
          <reporter-output>
          </reporter-output>
        </test-method> <!-- verifyAllRegisterionWebElementArePresent -->
        <test-method is-config="true" signature="tearDown()[pri:0, instance:com.lambdatest.testcases.RegistrationPageTest@4d5650ae]" started-at="2023-04-07T07:59:28 NPT" name="tearDown" finished-at="2023-04-07T07:59:28 NPT" duration-ms="730" status="PASS">
          <reporter-output>
          </reporter-output>
        </test-method> <!-- tearDown -->
      </class> <!-- com.lambdatest.testcases.RegistrationPageTest -->
    </test> <!-- Default test -->
  </suite> <!-- Default suite -->
</testng-results>
